-------------------------------------------------------------------------------
Test set: ntou.cs.hw4.mask.MaskApplicationTests
-------------------------------------------------------------------------------
Tests run: 5, Failures: 1, Errors: 0, Skipped: 0, Time elapsed: 29.97 s <<< FAILURE! - in ntou.cs.hw4.mask.MaskApplicationTests
indexTest  Time elapsed: 25.489 s  <<< FAILURE!
java.lang.AssertionError: Status expected:<201> but was:<200>
	at ntou.cs.hw4.mask.MaskApplicationTests.indexTest(MaskApplicationTests.java:45)

